2024-08-19T09:00:50+00:00 DEBUG POST: https://business-api.tiktok.com/open_api/v1.2/tbp/business_profile/store/update/

{"business_platform":"WOO_COMMERCE","external_business_id":"tt4b_woocommerce_66ac9d8eb7771","net_gmv":[{"interval":"LIFETIME","max":0,"min":0,"unit":"CURRENCY"}],"net_order_count":[{"interval":"LIFETIME","max":0,"min":0,"unit":"COUNT"}],"tenure":{"min":0,"max":0,"unit":"DAYS"},"extra_data":"1.2.8"}
 ajax: no
2024-08-19T09:00:51+00:00 DEBUG Tt4b_Mapi_Class::mapi_post: Response: 

HTTP/1.1 200 OK
Content-Type: application/json; charset=utf-8
Content-Length: 103
X-Api-Deprecation-Info: API for Business Version 1.3 is now live. To avoid disruption to your business, we recommend you migrate all calls to v1.3 as soon as possible. Please visit our migration guide for more details: https://ads.tiktok.com/marketing_api/docs?id=1740029169927169
X-Domain-Change-Info: We have moved to the new domain business-api.tiktok.com for API services after the Platform Upgrade on 09/30/2021. Please update all of your requests with the new domain if you haven't done so already. For more information, please visit https://ads.tiktok.com/marketing_api/docs?rid=esb88xalm6m&id=1709207085043713
X-Tt-Logid: 2024081909005099D88691DB154137B418
Server-Timing: inner; dur=3
x-tt-trace-host: 01ba88a06601e8b7136fe354b8c3d714e65dbcc9cef98d24c707ee721c43802b77f013db3700646cb3533cf15f92235c712c5aec89e38fa9203bc8abdd518b74287961a13b5b55d17bde89ea52b052c474a9275c5357418f2c5c30063139379248
x-tt-trace-id: 00-24081909005099D88691DB154137B418-6FEA4E633B79A979-00
Server: TLB
Expires: Mon, 19 Aug 2024 09:00:51 GMT
Cache-Control: max-age=0, no-cache, no-store
Pragma: no-cache
Date: Mon, 19 Aug 2024 09:00:51 GMT
X-Cache: TCP_MISS from a23-33-91-118.deploy.akamaitechnologies.com (AkamaiGHost/11.6.1.1-b3c3a54be5e4c1363e4bf8ba73bb8135) (-)
Connection: close
x-tt-trace-tag: id=16;cdn-cache=miss;type=dyn
Server-Timing: cdn-cache; desc=MISS, edge; dur=0, origin; dur=107
X-Origin-Response-Time: 107,23.33.91.118
X-Akamai-Request-ID: 16a755ed

{"code":40104,"message":"The access_token is empty.","request_id":"2024081909005099D88691DB154137B418"}
2024-08-19T09:25:16+00:00 DEBUG Tt4b_Pixel_Class::inject_add_to_cart_event: hit AddToCart
2024-08-19T09:25:16+00:00 DEBUG Tt4b_Pixel_Class::inject_add_to_cart_event: Missing option "access_token"
