2024-08-14T16:05:42+00:00 DEBUG POST: https://business-api.tiktok.com/open_api/v1.2/tbp/business_profile/store/update/

{"business_platform":"WOO_COMMERCE","external_business_id":"tt4b_woocommerce_66ac9d8eb7771","net_gmv":[{"interval":"LIFETIME","max":0,"min":0,"unit":"CURRENCY"}],"net_order_count":[{"interval":"LIFETIME","max":0,"min":0,"unit":"COUNT"}],"tenure":{"min":0,"max":0,"unit":"DAYS"},"extra_data":"1.2.8"}
 ajax: no
2024-08-14T16:05:43+00:00 DEBUG Tt4b_Mapi_Class::mapi_post: Response: 

HTTP/1.1 200 OK
Content-Type: application/json; charset=utf-8
Content-Length: 103
X-Api-Deprecation-Info: API for Business Version 1.3 is now live. To avoid disruption to your business, we recommend you migrate all calls to v1.3 as soon as possible. Please visit our migration guide for more details: https://ads.tiktok.com/marketing_api/docs?id=1740029169927169
X-Domain-Change-Info: We have moved to the new domain business-api.tiktok.com for API services after the Platform Upgrade on 09/30/2021. Please update all of your requests with the new domain if you haven't done so already. For more information, please visit https://ads.tiktok.com/marketing_api/docs?rid=esb88xalm6m&id=1709207085043713
X-Tt-Logid: 202408141605428DAFE199B29E75282863
Server-Timing: inner; dur=2
x-tt-trace-host: 011765d18ab2d9e0f9f3112502e35f5f9e93b6e029b9b6024ed65cc935fd9a2caebdeac340cbd160ec9bdc2285cc15da6e7286ad490ff893da0df7e8a855df3a9c9e08823b2ae1fcd3cc9c86d8dd386054b2a16f440620aad9b5773fcfb8444025
x-tt-trace-id: 00-2408141605428DAFE199B29E75282863-7BD09E3F6830EB5C-00
Server: TLB
Expires: Wed, 14 Aug 2024 16:05:43 GMT
Cache-Control: max-age=0, no-cache, no-store
Pragma: no-cache
Date: Wed, 14 Aug 2024 16:05:43 GMT
X-Cache: TCP_MISS from a175-100-94-198.deploy.akamaitechnologies.com (AkamaiGHost/11.6.1-abb45fc0fb8b97b9e77dec99851e4e52) (-)
Connection: close
x-tt-trace-tag: id=16;cdn-cache=miss;type=dyn
Server-Timing: cdn-cache; desc=MISS, edge; dur=0, origin; dur=43
X-Origin-Response-Time: 43,175.100.94.198
X-Akamai-Request-ID: a875bfc0

{"code":40104,"message":"The access_token is empty.","request_id":"202408141605428DAFE199B29E75282863"}
