2024-08-08T03:39:44+00:00 DEBUG POST: https://business-api.tiktok.com/open_api/v1.2/tbp/business_profile/store/update/

{"business_platform":"WOO_COMMERCE","external_business_id":"tt4b_woocommerce_66ac9d8eb7771","net_gmv":[{"interval":"LIFETIME","max":0,"min":0,"unit":"CURRENCY"}],"net_order_count":[{"interval":"LIFETIME","max":0,"min":0,"unit":"COUNT"}],"tenure":{"min":0,"max":0,"unit":"DAYS"},"extra_data":"1.2.8"}
 ajax: no
2024-08-08T03:39:45+00:00 DEBUG Tt4b_Mapi_Class::mapi_post: Response: 

HTTP/1.1 200 OK
Content-Type: application/json; charset=utf-8
Content-Length: 103
X-Api-Deprecation-Info: API for Business Version 1.3 is now live. To avoid disruption to your business, we recommend you migrate all calls to v1.3 as soon as possible. Please visit our migration guide for more details: https://ads.tiktok.com/marketing_api/docs?id=1740029169927169
X-Domain-Change-Info: We have moved to the new domain business-api.tiktok.com for API services after the Platform Upgrade on 09/30/2021. Please update all of your requests with the new domain if you haven't done so already. For more information, please visit https://ads.tiktok.com/marketing_api/docs?rid=esb88xalm6m&id=1709207085043713
X-Tt-Logid: 202408080339446EB414CB9EE62426B69E
Server-Timing: inner; dur=2
x-tt-trace-host: 01ba88a06601e8b7136fe354b8c3d714e686ea5c7525a6806afa164ad8c9f0992ed049ba4e66d1a25a33de77fcceb5e7e65f578e6525bc0d710c3b382a3be1ac0892d9acd5dfda79a99de966f971f26896e2f06161e07da5a22d73639b2548a671
x-tt-trace-id: 00-2408080339446EB414CB9EE62426B69E-04707BBF73222629-00
Server: TLB
Expires: Thu, 08 Aug 2024 03:39:45 GMT
Cache-Control: max-age=0, no-cache, no-store
Pragma: no-cache
Date: Thu, 08 Aug 2024 03:39:45 GMT
X-Cache: TCP_MISS from a23-59-80-205.deploy.akamaitechnologies.com (AkamaiGHost/11.6.1-abb45fc0fb8b97b9e77dec99851e4e52) (-)
Connection: close
x-tt-trace-tag: id=16;cdn-cache=miss;type=dyn
Server-Timing: cdn-cache; desc=MISS, edge; dur=1, origin; dur=7
X-Origin-Response-Time: 8,23.59.80.205
X-Akamai-Request-ID: 1d35d4bb

{"code":40104,"message":"The access_token is empty.","request_id":"202408080339446EB414CB9EE62426B69E"}
