2024-08-15T07:41:53+00:00 DEBUG POST: https://business-api.tiktok.com/open_api/v1.2/tbp/business_profile/store/update/

{"business_platform":"WOO_COMMERCE","external_business_id":"tt4b_woocommerce_66ac9d8eb7771","net_gmv":[{"interval":"LIFETIME","max":0,"min":0,"unit":"CURRENCY"}],"net_order_count":[{"interval":"LIFETIME","max":0,"min":0,"unit":"COUNT"}],"tenure":{"min":0,"max":0,"unit":"DAYS"},"extra_data":"1.2.8"}
 ajax: no
2024-08-15T07:41:54+00:00 DEBUG Tt4b_Mapi_Class::mapi_post: Response: 

HTTP/1.1 200 OK
Content-Type: application/json; charset=utf-8
Content-Length: 103
X-Api-Deprecation-Info: API for Business Version 1.3 is now live. To avoid disruption to your business, we recommend you migrate all calls to v1.3 as soon as possible. Please visit our migration guide for more details: https://ads.tiktok.com/marketing_api/docs?id=1740029169927169
X-Domain-Change-Info: We have moved to the new domain business-api.tiktok.com for API services after the Platform Upgrade on 09/30/2021. Please update all of your requests with the new domain if you haven't done so already. For more information, please visit https://ads.tiktok.com/marketing_api/docs?rid=esb88xalm6m&id=1709207085043713
X-Tt-Logid: 202408150741532729469E96D017699245
Server-Timing: inner; dur=2
x-tt-trace-host: 01ba88a06601e8b7136fe354b8c3d714e689ba09fc276f37c22d73fb78e5b8f8ae39aca7f9d700b9813c3a707327e9240356f85fe4dfdc64a12ed943b8eeb5ec8b1d5e7870a29ee310234251f17aea24baa376fdb14ceb45cc7750fd083e12ef77
x-tt-trace-id: 00-2408150741532729469E96D017699245-1C50432F602275AE-00
Server: TLB
Expires: Thu, 15 Aug 2024 07:41:54 GMT
Cache-Control: max-age=0, no-cache, no-store
Pragma: no-cache
Date: Thu, 15 Aug 2024 07:41:54 GMT
X-Cache: TCP_MISS from a23-33-91-113.deploy.akamaitechnologies.com (AkamaiGHost/11.6.1-abb45fc0fb8b97b9e77dec99851e4e52) (-)
Connection: close
x-tt-trace-tag: id=16;cdn-cache=miss;type=dyn
Server-Timing: cdn-cache; desc=MISS, edge; dur=1, origin; dur=41
X-Origin-Response-Time: 41,23.33.91.113
X-Akamai-Request-ID: 64bfc7a5

{"code":40104,"message":"The access_token is empty.","request_id":"202408150741532729469E96D017699245"}
2024-08-15T07:48:13+00:00 DEBUG Tt4b_Pixel_Class::inject_view_content_event: hit ViewContent
2024-08-15T07:48:13+00:00 DEBUG Tt4b_Pixel_Class::inject_view_content_event: Missing option "access_token"
2024-08-15T07:48:59+00:00 DEBUG Tt4b_Pixel_Class::inject_view_content_event: hit ViewContent
2024-08-15T07:48:59+00:00 DEBUG Tt4b_Pixel_Class::inject_view_content_event: Missing option "access_token"
2024-08-15T07:49:02+00:00 DEBUG Tt4b_Pixel_Class::inject_view_content_event: hit ViewContent
2024-08-15T07:49:02+00:00 DEBUG Tt4b_Pixel_Class::inject_view_content_event: Missing option "access_token"
2024-08-15T07:49:24+00:00 DEBUG Tt4b_Pixel_Class::inject_view_content_event: hit ViewContent
2024-08-15T07:49:24+00:00 DEBUG Tt4b_Pixel_Class::inject_view_content_event: Missing option "access_token"
2024-08-15T07:50:02+00:00 DEBUG Tt4b_Pixel_Class::inject_view_content_event: hit ViewContent
2024-08-15T07:50:02+00:00 DEBUG Tt4b_Pixel_Class::inject_view_content_event: Missing option "access_token"
2024-08-15T07:50:08+00:00 DEBUG Tt4b_Pixel_Class::inject_view_content_event: hit ViewContent
2024-08-15T07:50:08+00:00 DEBUG Tt4b_Pixel_Class::inject_view_content_event: Missing option "access_token"
